<?xml version="1.0" encoding="UTF-8"?>
<!-- Generated by org.testng.reporters.JUnitReportReporter -->
<testsuite hostname="Krish" failures="0" tests="4" name="Tests.LoginTest" time="51.006" errors="0" timestamp="2023-01-11T10:51:16 MST" skipped="0">
  <testcase classname="Tests.LoginTest" name="Login" time="2.981"/>
  <system-out/>
  <testcase classname="Tests.LoginTest" name="register" time="2.822"/>
  <system-out/>
  <testcase classname="Tests.LoginTest" name="signin" time="43.220"/>
  <system-out/>
  <testcase classname="Tests.LoginTest" name="homepagelogin" time="1.983"/>
  <system-out/>
</testsuite> <!-- Tests.LoginTest -->
